\BOOKMARK [0][-]{chapter.1}{\376\377\176\277\140\047\145\271\172\013\176\304}{}% 1
\BOOKMARK [1][-]{section.1.1}{\376\377\127\372\147\054\151\202\137\365\060\001\226\066\150\257\127\213\145\271\172\013\176\304}{chapter.1}% 2
\BOOKMARK [1][-]{section.1.2}{\376\377\232\330\145\257\155\210\121\103\154\325}{chapter.1}% 3
\BOOKMARK [1][-]{section.1.3}{\376\377\167\351\226\065\123\312\121\166\122\035\173\111\123\330\143\142}{chapter.1}% 4
\BOOKMARK [0][-]{chapter.2}{\376\377\124\021\221\317}{}% 5
\BOOKMARK [1][-]{section.2.1}{\376\377\124\021\221\317\116\016\176\277\140\047\176\304\124\010}{chapter.2}% 6
\BOOKMARK [1][-]{section.2.2}{\376\377\176\277\140\047\166\370\121\163\116\016\176\277\140\047\145\340\121\163}{chapter.2}% 7
\BOOKMARK [1][-]{section.2.3}{\376\377\167\351\226\065\166\204\171\351\060\001\122\044\133\232\133\232\164\006}{chapter.2}% 8
\BOOKMARK [1][-]{section.2.4}{\376\377\127\372\170\100\211\343\174\373\211\343\176\277\140\047\145\271\172\013\176\304}{chapter.2}% 9
\BOOKMARK [0][-]{chapter.3}{\376\377\167\351\226\065\116\016\210\114\122\027\137\017}{}% 10
\BOOKMARK [1][-]{section.3.1}{\376\377\167\351\226\065\166\204\217\320\173\227}{chapter.3}% 11
\BOOKMARK [1][-]{section.3.2}{\376\377\145\271\226\065\060\001\122\006\127\127\167\351\226\065\060\001\123\357\220\006\167\351\226\065}{chapter.3}% 12
\BOOKMARK [1][-]{section.3.3}{\376\377\210\114\122\027\137\017}{chapter.3}% 13
\BOOKMARK [0][-]{chapter.4}{\376\377\167\351\226\065\166\204\166\370\117\074}{}% 14
\BOOKMARK [1][-]{section.4.1}{\376\377\167\351\226\065\166\204\166\370\117\074}{chapter.4}% 15
\BOOKMARK [1][-]{section.4.2}{\376\377\123\357\133\371\211\322\123\026\060\001\162\171\137\201\120\074\116\016\162\171\137\201\124\021\221\317}{chapter.4}% 16
\BOOKMARK [1][-]{section.4.3}{\376\377\121\205\171\357\060\001\153\143\116\244\226\065\116\016\133\236\133\371\171\360\167\351\226\065}{chapter.4}% 17
\BOOKMARK [0][-]{chapter.5}{\376\377\116\214\153\041\127\213\116\016\153\143\133\232\226\065}{}% 18
\BOOKMARK [1][-]{section.5.1}{\376\377\116\214\153\041\127\213\166\204\167\351\226\065\116\016\150\007\121\306\127\213}{chapter.5}% 19
\BOOKMARK [1][-]{section.5.2}{\376\377\153\143\133\232\116\214\153\041\127\213\124\214\153\143\133\232\226\065}{chapter.5}% 20
